2021-12-24 04:16:35,075 INFO o.a.j.u.JMeterUtils: Setting Locale to en_EN
2021-12-24 04:16:35,089 INFO o.a.j.JMeter: Loading user properties from: C:\apache-jmeter-5.4.2\bin\user.properties
2021-12-24 04:16:35,090 INFO o.a.j.JMeter: Loading system properties from: C:\apache-jmeter-5.4.2\bin\system.properties
2021-12-24 04:16:35,100 INFO o.a.j.JMeter: Copyright (c) 1998-2021 The Apache Software Foundation
2021-12-24 04:16:35,100 INFO o.a.j.JMeter: Version 5.4.2
2021-12-24 04:16:35,100 INFO o.a.j.JMeter: java.version=1.8.0_291
2021-12-24 04:16:35,100 INFO o.a.j.JMeter: java.vm.name=Java HotSpot(TM) 64-Bit Server VM
2021-12-24 04:16:35,100 INFO o.a.j.JMeter: os.name=Windows 10
2021-12-24 04:16:35,100 INFO o.a.j.JMeter: os.arch=amd64
2021-12-24 04:16:35,101 INFO o.a.j.JMeter: os.version=10.0
2021-12-24 04:16:35,101 INFO o.a.j.JMeter: file.encoding=Cp1252
2021-12-24 04:16:35,101 INFO o.a.j.JMeter: java.awt.headless=true
2021-12-24 04:16:35,101 INFO o.a.j.JMeter: Max memory     =1073741824
2021-12-24 04:16:35,101 INFO o.a.j.JMeter: Available Processors =4
2021-12-24 04:16:35,106 INFO o.a.j.JMeter: Default Locale=English (EN)
2021-12-24 04:16:35,107 INFO o.a.j.JMeter: JMeter  Locale=English (EN)
2021-12-24 04:16:35,107 INFO o.a.j.JMeter: JMeterHome=C:\apache-jmeter-5.4.2
2021-12-24 04:16:35,107 INFO o.a.j.JMeter: user.dir  =C:\apache-jmeter-5.4.2\bin\demo_jmeter_proj
2021-12-24 04:16:35,107 INFO o.a.j.JMeter: PWD       =C:\apache-jmeter-5.4.2\bin\demo_jmeter_proj
2021-12-24 04:16:35,108 INFO o.a.j.JMeter: IP: 192.168.0.113 Name: DESKTOP-VIN9LOJ FullName: DESKTOP-VIN9LOJ
2021-12-24 04:16:35,112 INFO o.a.j.JMeter: Setting property 'jmeter.reportgenerator.outputdir' to:'C:\apache-jmeter-5.4.2\bin\demo_jmeter_proj\Reports'
2021-12-24 04:16:35,115 INFO o.a.j.s.FileServer: Default base='C:\apache-jmeter-5.4.2\bin\demo_jmeter_proj'
2021-12-24 04:16:35,117 INFO o.a.j.s.FileServer: Set new base='C:\apache-jmeter-5.4.2\bin\demo_jmeter_proj'
2021-12-24 04:16:35,246 INFO o.a.j.s.SaveService: Testplan (JMX) version: 2.2. Testlog (JTL) version: 2.2
2021-12-24 04:16:35,265 INFO o.a.j.s.SaveService: Using SaveService properties file encoding UTF-8
2021-12-24 04:16:35,270 INFO o.a.j.s.SaveService: Using SaveService properties version 5.0
2021-12-24 04:16:35,276 INFO o.a.j.s.SaveService: Loading file: demo_jmeter_project.jmx
2021-12-24 04:16:35,330 INFO o.a.j.p.h.s.HTTPSamplerBase: Parser for text/html is org.apache.jmeter.protocol.http.parser.LagartoBasedHtmlParser
2021-12-24 04:16:35,330 INFO o.a.j.p.h.s.HTTPSamplerBase: Parser for application/xhtml+xml is org.apache.jmeter.protocol.http.parser.LagartoBasedHtmlParser
2021-12-24 04:16:35,330 INFO o.a.j.p.h.s.HTTPSamplerBase: Parser for application/xml is org.apache.jmeter.protocol.http.parser.LagartoBasedHtmlParser
2021-12-24 04:16:35,330 INFO o.a.j.p.h.s.HTTPSamplerBase: Parser for text/xml is org.apache.jmeter.protocol.http.parser.LagartoBasedHtmlParser
2021-12-24 04:16:35,331 INFO o.a.j.p.h.s.HTTPSamplerBase: Parser for text/vnd.wap.wml is org.apache.jmeter.protocol.http.parser.RegexpHTMLParser
2021-12-24 04:16:35,331 INFO o.a.j.p.h.s.HTTPSamplerBase: Parser for text/css is org.apache.jmeter.protocol.http.parser.CssParser
2021-12-24 04:16:35,403 INFO o.a.j.JMeter: Creating summariser <summary>
2021-12-24 04:16:35,409 INFO o.a.j.r.d.ReportGenerator: ReportGenerator will use for Parsing the separator: ','
2021-12-24 04:16:35,409 INFO o.a.j.r.d.ReportGenerator: Will generate report at end of test from  results file: log.csv
2021-12-24 04:16:35,409 INFO o.a.j.r.d.ReportGenerator: Reading report generator properties from: C:\apache-jmeter-5.4.2\bin\reportgenerator.properties
2021-12-24 04:16:35,409 INFO o.a.j.r.d.ReportGenerator: Merging with JMeter properties
2021-12-24 04:16:35,414 INFO o.a.j.r.c.ReportGeneratorConfiguration: Property 'jmeter.reportgenerator.temp_dir' not found, using default value 'temp' instead.
2021-12-24 04:16:35,417 INFO o.a.j.r.c.ReportGeneratorConfiguration: Property 'jmeter.reportgenerator.apdex_per_transaction' not found, using default value 'null' instead.
2021-12-24 04:16:35,417 INFO o.a.j.r.c.ReportGeneratorConfiguration: apdex_per_transaction is empty, not APDEX per transaction customization
2021-12-24 04:16:35,417 INFO o.a.j.r.c.ReportGeneratorConfiguration: Property 'jmeter.reportgenerator.sample_filter' not found, using default value 'null' instead.
2021-12-24 04:16:35,417 INFO o.a.j.r.c.ReportGeneratorConfiguration: Property 'jmeter.reportgenerator.report_title' not found, using default value 'null' instead.
2021-12-24 04:16:35,418 INFO o.a.j.r.c.ReportGeneratorConfiguration: Property 'jmeter.reportgenerator.start_date' not found, using default value 'null' instead.
2021-12-24 04:16:35,418 INFO o.a.j.r.c.ReportGeneratorConfiguration: Property 'jmeter.reportgenerator.end_date' not found, using default value 'null' instead.
2021-12-24 04:16:35,418 INFO o.a.j.r.c.ReportGeneratorConfiguration: Property 'jmeter.reportgenerator.date_format' not found, using default value 'null' instead.
2021-12-24 04:16:35,418 INFO o.a.j.r.c.ReportGeneratorConfiguration: Will use date range start date: null, end date: null
2021-12-24 04:16:35,422 INFO o.a.j.r.c.ReportGeneratorConfiguration: Property 'jmeter.reportgenerator.graph.totalTPS.exclude_controllers' not found, using default value 'false' instead.
2021-12-24 04:16:35,422 INFO o.a.j.r.c.ReportGeneratorConfiguration: Property 'jmeter.reportgenerator.graph.activeThreadsOverTime.exclude_controllers' not found, using default value 'false' instead.
2021-12-24 04:16:35,422 INFO o.a.j.r.c.ReportGeneratorConfiguration: Property 'jmeter.reportgenerator.graph.timeVsThreads.exclude_controllers' not found, using default value 'false' instead.
2021-12-24 04:16:35,422 INFO o.a.j.r.c.ReportGeneratorConfiguration: Property 'jmeter.reportgenerator.graph.responseTimeDistribution.exclude_controllers' not found, using default value 'false' instead.
2021-12-24 04:16:35,423 INFO o.a.j.r.c.ReportGeneratorConfiguration: Property 'jmeter.reportgenerator.graph.transactionsPerSecond.exclude_controllers' not found, using default value 'false' instead.
2021-12-24 04:16:35,423 INFO o.a.j.r.c.ReportGeneratorConfiguration: Property 'jmeter.reportgenerator.graph.responseTimePercentiles.exclude_controllers' not found, using default value 'false' instead.
2021-12-24 04:16:35,423 INFO o.a.j.r.c.ReportGeneratorConfiguration: Property 'jmeter.reportgenerator.graph.responseTimePercentilesOverTime.exclude_controllers' not found, using default value 'false' instead.
2021-12-24 04:16:35,423 INFO o.a.j.r.c.ReportGeneratorConfiguration: Property 'jmeter.reportgenerator.graph.responseTimesOverTime.exclude_controllers' not found, using default value 'false' instead.
2021-12-24 04:16:35,423 INFO o.a.j.r.c.ReportGeneratorConfiguration: Property 'jmeter.reportgenerator.graph.connectTimeOverTime.exclude_controllers' not found, using default value 'false' instead.
2021-12-24 04:16:35,423 INFO o.a.j.r.c.ReportGeneratorConfiguration: Property 'jmeter.reportgenerator.graph.latenciesOverTime.exclude_controllers' not found, using default value 'false' instead.
2021-12-24 04:16:35,424 INFO o.a.j.r.c.ReportGeneratorConfiguration: Property 'jmeter.reportgenerator.exporter.json.filters_only_sample_series' not found, using default value 'true' instead.
2021-12-24 04:16:35,425 INFO o.a.j.r.c.ReportGeneratorConfiguration: Property 'jmeter.reportgenerator.exporter.json.series_filter' not found, using default value '' instead.
2021-12-24 04:16:35,425 INFO o.a.j.r.c.ReportGeneratorConfiguration: Property 'jmeter.reportgenerator.exporter.json.show_controllers_only' not found, using default value 'false' instead.
2021-12-24 04:16:35,426 INFO o.a.j.r.c.ReportGeneratorConfiguration: Property 'jmeter.reportgenerator.exporter.html.filters_only_sample_series' not found, using default value 'true' instead.
2021-12-24 04:16:35,426 INFO o.a.j.r.c.ReportGeneratorConfiguration: Property 'jmeter.reportgenerator.exporter.html.series_filter' not found, using default value '' instead.
2021-12-24 04:16:35,426 INFO o.a.j.r.c.ReportGeneratorConfiguration: Property 'jmeter.reportgenerator.exporter.html.show_controllers_only' not found, using default value 'false' instead.
2021-12-24 04:16:35,430 INFO o.a.j.e.StandardJMeterEngine: Running the test!
2021-12-24 04:16:35,431 INFO o.a.j.s.SampleEvent: List of sample_variables: []
2021-12-24 04:16:35,431 INFO o.a.j.s.SampleEvent: List of sample_variables: []
2021-12-24 04:16:35,436 INFO o.a.j.e.u.CompoundVariable: Note: Function class names must contain the string: '.functions.'
2021-12-24 04:16:35,436 INFO o.a.j.e.u.CompoundVariable: Note: Function class names must not contain the string: '.gui.'
2021-12-24 04:16:35,706 INFO o.a.j.JMeter: Running test (1640297795706)
2021-12-24 04:16:35,739 INFO o.a.j.e.StandardJMeterEngine: Starting ThreadGroup: 1 : Thread Group
2021-12-24 04:16:35,739 INFO o.a.j.e.StandardJMeterEngine: Starting 10 threads for group Thread Group.
2021-12-24 04:16:35,739 INFO o.a.j.e.StandardJMeterEngine: Thread will continue on error
2021-12-24 04:16:35,739 INFO o.a.j.t.ThreadGroup: Starting thread group... number=1 threads=10 ramp-up=1 delayedStart=false
2021-12-24 04:16:35,750 INFO o.a.j.t.ThreadGroup: Started thread group number 1
2021-12-24 04:16:35,750 INFO o.a.j.e.StandardJMeterEngine: All thread groups have been started
2021-12-24 04:16:35,791 INFO o.a.j.t.JMeterThread: Thread started: Thread Group 1-1
2021-12-24 04:16:35,792 INFO o.a.j.s.FileServer: Stored: C:/apache-jmeter-5.4.2/bin/demo_jmeter_proj/customer.csv
2021-12-24 04:16:35,815 INFO o.a.j.p.h.s.HTTPHCAbstractImpl: Local host = DESKTOP-VIN9LOJ
2021-12-24 04:16:35,823 INFO o.a.j.p.h.s.HTTPHC4Impl: HTTP request retry count = 0
2021-12-24 04:16:35,825 INFO o.a.j.s.SampleResult: Note: Sample TimeStamps are START times
2021-12-24 04:16:35,825 INFO o.a.j.s.SampleResult: sampleresult.default.encoding is set to ISO-8859-1
2021-12-24 04:16:35,825 INFO o.a.j.s.SampleResult: sampleresult.useNanoTime=true
2021-12-24 04:16:35,825 INFO o.a.j.s.SampleResult: sampleresult.nanoThreadSleep=5000
2021-12-24 04:16:35,886 INFO o.a.j.t.JMeterThread: Thread started: Thread Group 1-2
2021-12-24 04:16:35,977 INFO o.a.j.p.h.s.h.LazyLayeredConnectionSocketFactory: Setting up HTTPS TrustAll Socket Factory
2021-12-24 04:16:35,984 INFO o.a.j.u.JsseSSLManager: Using default SSL protocol: TLS
2021-12-24 04:16:35,984 INFO o.a.j.u.JsseSSLManager: SSL session context: per-thread
2021-12-24 04:16:35,984 INFO o.a.j.t.JMeterThread: Thread started: Thread Group 1-3
2021-12-24 04:16:36,085 INFO o.a.j.t.JMeterThread: Thread started: Thread Group 1-4
2021-12-24 04:16:36,183 INFO o.a.j.t.JMeterThread: Thread started: Thread Group 1-5
2021-12-24 04:16:36,282 INFO o.a.j.t.JMeterThread: Thread started: Thread Group 1-6
2021-12-24 04:16:36,383 INFO o.a.j.t.JMeterThread: Thread started: Thread Group 1-7
2021-12-24 04:16:36,466 INFO o.a.j.u.SSLManager: JmeterKeyStore Location:  type JKS
2021-12-24 04:16:36,469 INFO o.a.j.u.SSLManager: KeyStore created OK
2021-12-24 04:16:36,469 WARN o.a.j.u.SSLManager: Keystore file not found, loading empty keystore
2021-12-24 04:16:36,515 INFO o.a.j.t.JMeterThread: Thread started: Thread Group 1-8
2021-12-24 04:16:36,580 INFO o.a.j.t.JMeterThread: Thread started: Thread Group 1-9
2021-12-24 04:16:36,682 INFO o.a.j.t.JMeterThread: Thread started: Thread Group 1-10
2021-12-24 04:16:39,444 INFO o.a.j.t.JMeterThread: Thread is done: Thread Group 1-9
2021-12-24 04:16:39,444 INFO o.a.j.t.JMeterThread: Thread finished: Thread Group 1-9
2021-12-24 04:16:40,253 INFO o.a.j.t.JMeterThread: Thread is done: Thread Group 1-5
2021-12-24 04:16:40,253 INFO o.a.j.t.JMeterThread: Thread finished: Thread Group 1-5
2021-12-24 04:16:40,476 INFO o.a.j.t.JMeterThread: Thread is done: Thread Group 1-8
2021-12-24 04:16:40,476 INFO o.a.j.t.JMeterThread: Thread finished: Thread Group 1-8
2021-12-24 04:16:41,104 INFO o.a.j.t.JMeterThread: Thread is done: Thread Group 1-1
2021-12-24 04:16:41,104 INFO o.a.j.t.JMeterThread: Thread finished: Thread Group 1-1
2021-12-24 04:16:42,653 INFO o.a.j.t.JMeterThread: Thread is done: Thread Group 1-7
2021-12-24 04:16:42,653 INFO o.a.j.t.JMeterThread: Thread finished: Thread Group 1-7
2021-12-24 04:16:43,495 INFO o.a.j.t.JMeterThread: Thread is done: Thread Group 1-10
2021-12-24 04:16:43,495 INFO o.a.j.t.JMeterThread: Thread finished: Thread Group 1-10
2021-12-24 04:16:45,577 INFO o.a.j.t.JMeterThread: Thread is done: Thread Group 1-4
2021-12-24 04:16:45,577 INFO o.a.j.t.JMeterThread: Thread finished: Thread Group 1-4
2021-12-24 04:16:47,708 INFO o.a.j.t.JMeterThread: Thread is done: Thread Group 1-3
2021-12-24 04:16:47,708 INFO o.a.j.t.JMeterThread: Thread finished: Thread Group 1-3
2021-12-24 04:16:51,385 INFO o.a.j.t.JMeterThread: Thread is done: Thread Group 1-6
2021-12-24 04:16:51,385 INFO o.a.j.t.JMeterThread: Thread finished: Thread Group 1-6
2021-12-24 04:16:53,610 INFO o.a.j.t.JMeterThread: Thread is done: Thread Group 1-2
2021-12-24 04:16:53,610 INFO o.a.j.t.JMeterThread: Thread finished: Thread Group 1-2
2021-12-24 04:16:53,611 INFO o.a.j.e.StandardJMeterEngine: Notifying test listeners of end of test
2021-12-24 04:16:53,611 INFO o.a.j.s.FileServer: Close: C:/apache-jmeter-5.4.2/bin/demo_jmeter_proj/customer.csv
2021-12-24 04:16:53,612 INFO o.a.j.r.Summariser: summary =     40 in 00:00:18 =    2.2/s Avg:  2077 Min:     1 Max: 11433 Err:     4 (10.00%)
2021-12-24 04:16:53,613 INFO o.a.j.JMeter: Generating Dashboard
2021-12-24 04:16:53,613 INFO o.a.j.r.d.ReportGenerator: Flushing result collector before report Generation
2021-12-24 04:16:53,631 INFO o.a.j.r.p.NormalizerSampleConsumer: Using format, 'ms', to parse timeStamp field
2021-12-24 04:16:53,722 INFO o.a.j.r.p.AbstractSampleConsumer: class org.apache.jmeter.report.processor.AggregateConsumer#stopProducing(): beginDate produced 0 samples
2021-12-24 04:16:53,723 INFO o.a.j.r.p.AbstractSampleConsumer: class org.apache.jmeter.report.processor.AggregateConsumer#stopProducing(): endDate produced 0 samples
2021-12-24 04:16:53,725 INFO o.a.j.r.p.AbstractSampleConsumer: class org.apache.jmeter.report.processor.ApdexSummaryConsumer#stopProducing(): apdexSummary produced 0 samples
2021-12-24 04:16:53,725 INFO o.a.j.r.p.AbstractSampleConsumer: class org.apache.jmeter.report.processor.RequestsSummaryConsumer#stopProducing(): requestsSummary produced 0 samples
2021-12-24 04:16:53,730 INFO o.a.j.r.p.AbstractSampleConsumer: class org.apache.jmeter.report.processor.StatisticsSummaryConsumer#stopProducing(): statisticsSummary produced 0 samples
2021-12-24 04:16:53,734 INFO o.a.j.r.p.AbstractSampleConsumer: class org.apache.jmeter.report.processor.Top5ErrorsBySamplerConsumer#stopProducing(): top5ErrorsBySampler produced 0 samples
2021-12-24 04:16:53,734 INFO o.a.j.r.p.AbstractSampleConsumer: class org.apache.jmeter.report.processor.ErrorsSummaryConsumer#stopProducing(): errorsSummary produced 0 samples
2021-12-24 04:16:53,734 INFO o.a.j.r.p.AbstractSampleConsumer: class org.apache.jmeter.report.processor.graph.impl.HitsPerSecondGraphConsumer#stopProducing(): hitsPerSecond produced 0 samples
2021-12-24 04:16:53,751 INFO o.a.j.r.p.AbstractSampleConsumer: class org.apache.jmeter.report.processor.graph.impl.LatencyVSRequestGraphConsumer#stopProducing(): latencyVsRequest produced 0 samples
2021-12-24 04:16:53,752 INFO o.a.j.r.p.AbstractSampleConsumer: class org.apache.jmeter.report.processor.graph.impl.SyntheticResponseTimeDistributionGraphConsumer#stopProducing(): syntheticResponseTimeDistribution produced 0 samples
2021-12-24 04:16:53,752 INFO o.a.j.r.p.AbstractSampleConsumer: class org.apache.jmeter.report.processor.graph.impl.BytesThroughputGraphConsumer#stopProducing(): bytesThroughputOverTime produced 0 samples
2021-12-24 04:16:53,752 INFO o.a.j.r.p.AbstractSampleConsumer: class org.apache.jmeter.report.processor.graph.impl.CodesPerSecondGraphConsumer#stopProducing(): codesPerSecond produced 0 samples
2021-12-24 04:16:53,759 INFO o.a.j.r.p.AbstractSampleConsumer: class org.apache.jmeter.report.processor.graph.impl.ResponseTimeVSRequestGraphConsumer#stopProducing(): responseTimeVsRequest produced 0 samples
2021-12-24 04:16:53,759 INFO o.a.j.r.p.AbstractSampleConsumer: class org.apache.jmeter.report.processor.FilterConsumer#stopProducing(): startIntervalControlerFilter produced 280 samples
2021-12-24 04:16:53,759 INFO o.a.j.r.p.AbstractSampleConsumer: class org.apache.jmeter.report.processor.graph.impl.TotalTPSGraphConsumer#stopProducing(): totalTPS produced 0 samples
2021-12-24 04:16:53,760 INFO o.a.j.r.p.AbstractSampleConsumer: class org.apache.jmeter.report.processor.graph.impl.ActiveThreadsGraphConsumer#stopProducing(): activeThreadsOverTime produced 0 samples
2021-12-24 04:16:53,760 INFO o.a.j.r.p.AbstractSampleConsumer: class org.apache.jmeter.report.processor.graph.impl.TimeVSThreadGraphConsumer#stopProducing(): timeVsThreads produced 0 samples
2021-12-24 04:16:53,760 INFO o.a.j.r.p.AbstractSampleConsumer: class org.apache.jmeter.report.processor.graph.impl.ResponseTimeDistributionGraphConsumer#stopProducing(): responseTimeDistribution produced 0 samples
2021-12-24 04:16:53,760 INFO o.a.j.r.p.AbstractSampleConsumer: class org.apache.jmeter.report.processor.graph.impl.TransactionsPerSecondGraphConsumer#stopProducing(): transactionsPerSecond produced 0 samples
2021-12-24 04:16:53,760 INFO o.a.j.r.p.AbstractSampleConsumer: class org.apache.jmeter.report.processor.graph.impl.ResponseTimePercentilesGraphConsumer#stopProducing(): responseTimePercentiles produced 0 samples
2021-12-24 04:16:53,762 INFO o.a.j.r.p.AbstractSampleConsumer: class org.apache.jmeter.report.processor.graph.impl.ResponseTimePercentilesOverTimeGraphConsumer#stopProducing(): responseTimePercentilesOverTime produced 0 samples
2021-12-24 04:16:53,762 INFO o.a.j.r.p.AbstractSampleConsumer: class org.apache.jmeter.report.processor.graph.impl.ResponseTimeOverTimeGraphConsumer#stopProducing(): responseTimesOverTime produced 0 samples
2021-12-24 04:16:53,762 INFO o.a.j.r.p.AbstractSampleConsumer: class org.apache.jmeter.report.processor.graph.impl.ConnectTimeOverTimeGraphConsumer#stopProducing(): connectTimeOverTime produced 0 samples
2021-12-24 04:16:53,762 INFO o.a.j.r.p.AbstractSampleConsumer: class org.apache.jmeter.report.processor.graph.impl.LatencyOverTimeGraphConsumer#stopProducing(): latenciesOverTime produced 0 samples
2021-12-24 04:16:53,762 INFO o.a.j.r.p.AbstractSampleConsumer: class org.apache.jmeter.report.processor.FilterConsumer#stopProducing(): nameFilter produced 600 samples
2021-12-24 04:16:53,762 INFO o.a.j.r.p.AbstractSampleConsumer: class org.apache.jmeter.report.processor.FilterConsumer#stopProducing(): dateRangeFilter produced 120 samples
2021-12-24 04:16:53,762 INFO o.a.j.r.p.AbstractSampleConsumer: class org.apache.jmeter.report.processor.NormalizerSampleConsumer#stopProducing(): normalizer produced 40 samples
2021-12-24 04:16:53,763 INFO o.a.j.r.p.CsvFileSampleSource: produce(): 40 samples produced in 103ms on channel 0
2021-12-24 04:16:53,763 INFO o.a.j.r.d.ReportGenerator: Exporting data using exporter:'json' of className:'org.apache.jmeter.report.dashboard.JsonExporter'
2021-12-24 04:16:53,894 INFO o.a.j.r.d.JsonExporter: Found data for consumer statisticsSummary in context
2021-12-24 04:16:53,894 INFO o.a.j.r.d.JsonExporter: Creating statistics for overall
2021-12-24 04:16:53,895 INFO o.a.j.r.d.JsonExporter: Creating statistics for other transactions
2021-12-24 04:16:53,895 INFO o.a.j.r.d.JsonExporter: Checking output folder
2021-12-24 04:16:53,896 INFO o.a.j.r.d.JsonExporter: Writing statistics JSON to C:\apache-jmeter-5.4.2\bin\demo_jmeter_proj\Reports\statistics.json
2021-12-24 04:16:53,940 INFO o.a.j.r.d.ReportGenerator: Exporting data using exporter:'html' of className:'org.apache.jmeter.report.dashboard.HtmlTemplateExporter'
2021-12-24 04:16:53,943 INFO o.a.j.r.d.HtmlTemplateExporter: Will generate dashboard in folder: C:\apache-jmeter-5.4.2\bin\demo_jmeter_proj\Reports
2021-12-24 04:16:54,046 INFO o.a.j.r.d.HtmlTemplateExporter: Report will be generated in: C:\apache-jmeter-5.4.2\bin\demo_jmeter_proj\Reports, creating folder structure
2021-12-24 04:16:54,049 INFO o.a.j.r.d.TemplateVisitor: Copying folder from 'C:\apache-jmeter-5.4.2\bin\report-template' to 'C:\apache-jmeter-5.4.2\bin\demo_jmeter_proj\Reports', got message: C:\apache-jmeter-5.4.2\bin\demo_jmeter_proj\Reports, found non empty folder with following content [C:\apache-jmeter-5.4.2\bin\demo_jmeter_proj\Reports\statistics.json], will be ignored
2021-12-24 04:16:54,391 INFO o.a.j.JMeter: Dashboard generated
